<?xml version="1.0" encoding="UTF-8"?>
<!--

    Copyright 2005-2012 The Kuali Foundation

    Licensed under the Educational Community License, Version 2.0 (the "License");
    you may not use this file except in compliance with the License.
    You may obtain a copy of the License at

    http://www.opensource.org/licenses/ecl2.php

    Unless required by applicable law or agreed to in writing, software
    distributed under the License is distributed on an "AS IS" BASIS,
    WITHOUT WARRANTIES OR CONDITIONS OF ANY KIND, either express or implied.
    See the License for the specific language governing permissions and
    limitations under the License.

-->
<data xmlns="ns:workflow" xmlns:xsi="http://www.w3.org/2001/XMLSchema-instance"
      xsi:schemaLocation="ns:workflow resource:WorkflowData">
    <documentTypes xmlns="ns:workflow/DocumentType" xsi:schemaLocation="ns:workflow/DocumentType resource:DocumentType">

        <documentType>
            <name>OLE_BIB_PRCT_FLD</name>
            <parent>RiceDocument</parent>
            <description>Ole Bib Protected Field</description>
            <label>Ole Bib Protected Field</label>
            <postProcessorName>org.kuali.rice.krad.workflow.postprocessor.KualiPostProcessor</postProcessorName>
            <superUserGroupName namespace="KR-WKFLW">WorkflowAdmin</superUserGroupName>
            <blanketApproveGroupName namespace="KR-WKFLW">WorkflowAdmin</blanketApproveGroupName>
            <defaultExceptionGroupName namespace="KR-WKFLW">WorkflowAdmin</defaultExceptionGroupName>
            <docHandler>${kr.krad.url}/oleBibProtectedFieldMaintenance?methodToCall=docHandler</docHandler>
            <active>true</active>
            <routingVersion>2</routingVersion>
            <routePaths>
                <routePath>
                    <start name="Initiated" />
                </routePath>
            </routePaths>
            <routeNodes>
                <start name="Initiated">
                    <activationType>P</activationType>
                </start>
            </routeNodes>
        </documentType>

        <documentType>
            <name>OLE_VNDR_ACC_INF_MD</name>
            <parent>RiceDocument</parent>
            <description>Ole Vendor Account Info</description>
            <label>Ole Vendor Account Info</label>
            <postProcessorName>org.kuali.rice.krad.workflow.postprocessor.KualiPostProcessor</postProcessorName>
            <superUserGroupName namespace="KR-WKFLW">WorkflowAdmin</superUserGroupName>
            <blanketApproveGroupName namespace="KR-WKFLW">WorkflowAdmin</blanketApproveGroupName>
            <defaultExceptionGroupName namespace="KR-WKFLW">WorkflowAdmin</defaultExceptionGroupName>
            <docHandler>${kr.krad.url}/maintenance?methodToCall=docHandler</docHandler>
            <active>true</active>
            <routingVersion>2</routingVersion>
            <routePaths>
                <routePath>
                    <start name="Initiated"/>
                </routePath>
            </routePaths>
            <routeNodes>
                <start name="Initiated">
                    <activationType>P</activationType>
                </start>
            </routeNodes>
        </documentType>

    </documentTypes>
</data>
